<?xml version="1.0" encoding="UTF-8"?>
<testsuite xmlns:xsi="http://www.w3.org/2001/XMLSchema-instance" xsi:noNamespaceSchemaLocation="https://maven.apache.org/surefire/maven-surefire-plugin/xsd/surefire-test-report.xsd" version="3.0.2" name="com.jxw.server.ServerApplicationTests" time="0.008" tests="1" errors="0" skipped="0" failures="0">
  <properties>
[...]
</properties>
  <testcase name="contextLoads" classname="com.jxw.server.ServerApplicationTests" time="0.003">
    <system-out><![CDATA[2025-03-12 20:03:51 - Could not detect default configuration classes for test class [com.jxw.server.ServerApplicationTests]: ServerApplicationTests does not declare any static, non-private, non-final, nested classes annotated with @Configuration.
2025-03-12 20:03:51 - Found @SpringBootConfiguration com.jxw.server.ServerApplication for test class com.jxw.server.ServerApplicationTests
]]></system-out>
  </testcase>
</testsuite>